<?xml version="1.0" encoding="UTF-8"?>
<testng-results ignored="0" total="1" passed="1" failed="0" skipped="0">
  <reporter-output>
  </reporter-output>
  <suite started-at="2022-09-16T08:52:36 IST" name="Default suite" finished-at="2022-09-16T08:52:53 IST" duration-ms="16613">
    <groups>
    </groups>
    <test started-at="2022-09-16T08:52:36 IST" name="Default test" finished-at="2022-09-16T08:52:53 IST" duration-ms="16613">
      <class name="com.microsoft.ui.test.CareerTest">
        <test-method is-config="true" signature="SetupDriver()[pri:0, instance:com.microsoft.ui.test.CareerTest@4f6ee6e4]" started-at="2022-09-16T08:52:36 IST" name="SetupDriver" finished-at="2022-09-16T08:52:48 IST" duration-ms="11661" status="PASS">
          <reporter-output>
          </reporter-output>
        </test-method> <!-- SetupDriver -->
        <test-method signature="Navigation()[pri:0, instance:com.microsoft.ui.test.CareerTest@4f6ee6e4]" started-at="2022-09-16T08:52:48 IST" name="Navigation" finished-at="2022-09-16T08:52:53 IST" duration-ms="4903" status="PASS">
          <reporter-output>
          </reporter-output>
        </test-method> <!-- Navigation -->
      </class> <!-- com.microsoft.ui.test.CareerTest -->
    </test> <!-- Default test -->
  </suite> <!-- Default suite -->
</testng-results>
